Using pre-set license
Built from '2020.3/staging' branch; Version is '2020.3.5f1 (8095aa901b9b) revision 8426922'; Using compiler version '192528614'; Build Type 'Release'
OS: 'Windows 10 Enterprise; OS build 18363.1440; Version 1909; 64bit' Language: 'ru' Physical Memory: 32686 MB
BatchMode: 1, IsHumanControllingUs: 0, StartBugReporterOnCrash: 0, Is64bit: 1, IsPro: 0

 COMMAND LINE ARGUMENTS:
E:\Unity\2020.3.5f1\Editor\Unity.exe
-adb2
-batchMode
-noUpm
-name
AssetImportWorker0
-projectPath
E:/repositories/Arachna's coins
-logFile
Logs/AssetImportWorker0.log
-srvPort
57179
Successfully changed project path to: E:/repositories/Arachna's coins
E:/repositories/Arachna's coins
Using Asset Import Pipeline V2.
Refreshing native plugins compatible for Editor in 52.96 ms, found 0 plugins.
Preloading 0 native plugins for Editor in 0.00 ms.
Initialize engine version: 2020.3.5f1 (8095aa901b9b)
[Subsystems] Discovering subsystems at path E:/Unity/2020.3.5f1/Editor/Data/Resources/UnitySubsystems
[Subsystems] Discovering subsystems at path E:/repositories/Arachna's coins/Assets
GfxDevice: creating device client; threaded=0
Direct3D:
    Version:  Direct3D 11.0 [level 11.0]
    Renderer: NVIDIA GeForce GTX 750 (ID=0x1381)
    Vendor:   
    VRAM:     2007 MB
    Driver:   27.21.14.5671
Initialize mono
Mono path[0] = 'E:/Unity/2020.3.5f1/Editor/Data/Managed'
Mono path[1] = 'E:/Unity/2020.3.5f1/Editor/Data/MonoBleedingEdge/lib/mono/unityjit'
Mono config path = 'E:/Unity/2020.3.5f1/Editor/Data/MonoBleedingEdge/etc'
Using monoOptions --debugger-agent=transport=dt_socket,embedding=1,server=y,suspend=n,address=127.0.0.1:56752
Begin MonoManager ReloadAssembly
Registering precompiled unity dll's ...
Register platform support module: E:/Unity/2020.3.5f1/Editor/Data/PlaybackEngines/WindowsStandaloneSupport/UnityEditor.WindowsStandalone.Extensions.dll
Registered in 0.001834 seconds.
Native extension for WindowsStandalone target not found
Refreshing native plugins compatible for Editor in 52.70 ms, found 0 plugins.
Preloading 0 native plugins for Editor in 0.00 ms.
Mono: successfully reloaded assembly
- Completed reload, in  3.268 seconds
Platform modules already initialized, skipping
Registering precompiled user dll's ...
Registered in 0.000950 seconds.
Begin MonoManager ReloadAssembly
Native extension for WindowsStandalone target not found
Refreshing native plugins compatible for Editor in 0.53 ms, found 0 plugins.
Preloading 0 native plugins for Editor in 0.00 ms.
Mono: successfully reloaded assembly
- Completed reload, in  1.579 seconds
Platform modules already initialized, skipping
========================================================================
Worker process is ready to serve import requests
Launched and connected shader compiler UnityShaderCompiler.exe after 0.10 seconds
Refreshing native plugins compatible for Editor in 0.56 ms, found 0 plugins.
Preloading 0 native plugins for Editor in 0.00 ms.
Unloading 1125 Unused Serialized files (Serialized files now loaded: 0)
System memory in use before: 72.0 MB.
System memory in use after: 72.0 MB.

Unloading 10 unused Assets to reduce memory usage. Loaded Objects now: 1593.
Total: 2.450900 ms (FindLiveObjects: 0.173900 ms CreateObjectMapping: 0.075500 ms MarkObjects: 2.060900 ms  DeleteObjects: 0.138700 ms)

========================================================================
Received Import Request.
  path: Assets/Arachnea The Devourer
  artifactKey: Guid(fb6b1934feca63a498cbc8535e6af6b0) Importer(815301076,1909f56bfc062723c751e8b465ee728b)
Start importing Assets/Arachnea The Devourer using Guid(fb6b1934feca63a498cbc8535e6af6b0) Importer(815301076,1909f56bfc062723c751e8b465ee728b)  -> (artifact id: 'e620b15f75b56bcbee2eb1e5b9eb925c') in 0.006967 seconds
  Import took 0.010540 seconds .

========================================================================
Received Import Request.
  Time since last request: 0.086670 seconds.
  path: Assets/Arachnea The Devourer/Arachnea.fbx
  artifactKey: Guid(6c4c4b6dc8098d6488b0981bdbde036c) Importer(815301076,1909f56bfc062723c751e8b465ee728b)
Start importing Assets/Arachnea The Devourer/Arachnea.fbx using Guid(6c4c4b6dc8098d6488b0981bdbde036c) Importer(815301076,1909f56bfc062723c751e8b465ee728b)  -> (artifact id: 'dac785a0b52572caf5ce305d8b485843') in 0.546991 seconds
  Import took 0.553859 seconds .

========================================================================
Received Import Request.
  Time since last request: 1.337509 seconds.
  path: Assets/Arachnea The Devourer/Readme.txt
  artifactKey: Guid(7e7cd8b5cfdb1274a81599e477269b2b) Importer(815301076,1909f56bfc062723c751e8b465ee728b)
Start importing Assets/Arachnea The Devourer/Readme.txt using Guid(7e7cd8b5cfdb1274a81599e477269b2b) Importer(815301076,1909f56bfc062723c751e8b465ee728b)  -> (artifact id: 'e1a3dafa0991cba60849aa1a086dbd77') in 0.008236 seconds
  Import took 0.017275 seconds .

========================================================================
Received Import Request.
  Time since last request: 0.012319 seconds.
  path: Assets/Arachnea The Devourer/Readme.txt
  artifactKey: Guid(7e7cd8b5cfdb1274a81599e477269b2b) Importer(815301076,1909f56bfc062723c751e8b465ee728b)
Start importing Assets/Arachnea The Devourer/Readme.txt using Guid(7e7cd8b5cfdb1274a81599e477269b2b) Importer(815301076,1909f56bfc062723c751e8b465ee728b)  -> (artifact id: 'e1a3dafa0991cba60849aa1a086dbd77') in 0.002674 seconds
  Import took 0.005251 seconds .

========================================================================
Received Import Request.
  Time since last request: 138.577384 seconds.
  path: Assets/Arachnea The Devourer/Materials
  artifactKey: Guid(3987a8c467a077b4caddef0bd9f21d85) Importer(815301076,1909f56bfc062723c751e8b465ee728b)
Start importing Assets/Arachnea The Devourer/Materials using Guid(3987a8c467a077b4caddef0bd9f21d85) Importer(815301076,1909f56bfc062723c751e8b465ee728b)  -> (artifact id: '79ee85cbd2419b1dc431ef7677181fc4') in 0.002276 seconds
  Import took 0.005596 seconds .

========================================================================
Received Import Request.
  Time since last request: 0.089057 seconds.
  path: Assets/Arachnea The Devourer/Materials/Body.mat
  artifactKey: Guid(8e52a5fd7e171db419cbefdc2dc3a020) Importer(815301076,1909f56bfc062723c751e8b465ee728b)
Start importing Assets/Arachnea The Devourer/Materials/Body.mat using Guid(8e52a5fd7e171db419cbefdc2dc3a020) Importer(815301076,1909f56bfc062723c751e8b465ee728b)  -> (artifact id: 'd3ffbf6dda8b3698bec4831d03c01ead') in 0.147878 seconds
  Import took 0.151750 seconds .

========================================================================
Received Import Request.
  Time since last request: 0.000358 seconds.
  path: Assets/Arachnea The Devourer/Materials/Staff.mat
  artifactKey: Guid(3d6fdf1e3625a244a8f0cf884a369d19) Importer(815301076,1909f56bfc062723c751e8b465ee728b)
Start importing Assets/Arachnea The Devourer/Materials/Staff.mat using Guid(3d6fdf1e3625a244a8f0cf884a369d19) Importer(815301076,1909f56bfc062723c751e8b465ee728b)  -> (artifact id: 'c0fd7258c21a0410f2043b1b82f9d60c') in 0.009440 seconds
  Import took 0.012353 seconds .

========================================================================
Received Import Request.
  Time since last request: 0.000269 seconds.
  path: Assets/Arachnea The Devourer/Materials/Head.mat
  artifactKey: Guid(98e3bb414e235904d87739af3e5f0e7c) Importer(815301076,1909f56bfc062723c751e8b465ee728b)
Start importing Assets/Arachnea The Devourer/Materials/Head.mat using Guid(98e3bb414e235904d87739af3e5f0e7c) Importer(815301076,1909f56bfc062723c751e8b465ee728b)  -> (artifact id: '5f906cec2480c21f0818feac678034a1') in 0.008932 seconds
  Import took 0.011852 seconds .

========================================================================
Received Import Request.
  Time since last request: 0.000293 seconds.
  path: Assets/Arachnea The Devourer/Materials/Hair.mat
  artifactKey: Guid(423af51e65691eb40b92ad6fb8974d43) Importer(815301076,1909f56bfc062723c751e8b465ee728b)
Start importing Assets/Arachnea The Devourer/Materials/Hair.mat using Guid(423af51e65691eb40b92ad6fb8974d43) Importer(815301076,1909f56bfc062723c751e8b465ee728b)  -> (artifact id: 'b8cbedf9081d2ee5924dce0a0df37ec2') in 0.010321 seconds
  Import took 0.013376 seconds .

========================================================================
Received Import Request.
  Time since last request: 0.000273 seconds.
  path: Assets/Arachnea The Devourer/Materials/Skin.mat
  artifactKey: Guid(1d2edf32b6f5fdd48b193594281983ed) Importer(815301076,1909f56bfc062723c751e8b465ee728b)
Start importing Assets/Arachnea The Devourer/Materials/Skin.mat using Guid(1d2edf32b6f5fdd48b193594281983ed) Importer(815301076,1909f56bfc062723c751e8b465ee728b)  -> (artifact id: '8d33dea11d0d3de46f147963bf54b21f') in 0.014645 seconds
  Import took 0.017590 seconds .

========================================================================
Received Import Request.
  Time since last request: 4.878632 seconds.
  path: Assets/Arachnea The Devourer/Textures
  artifactKey: Guid(d6e2e613f57554b4c9065164603bb6ae) Importer(815301076,1909f56bfc062723c751e8b465ee728b)
Start importing Assets/Arachnea The Devourer/Textures using Guid(d6e2e613f57554b4c9065164603bb6ae) Importer(815301076,1909f56bfc062723c751e8b465ee728b)  -> (artifact id: 'f511b4c950154848d31441ba5ddaca87') in 0.002171 seconds
  Import took 0.005264 seconds .

========================================================================
Received Import Request.
  Time since last request: 1.345487 seconds.
  path: Assets/Arachnea The Devourer/Textures/Body
  artifactKey: Guid(33b477009e9f7564cae1140ddeb15a9b) Importer(815301076,1909f56bfc062723c751e8b465ee728b)
Start importing Assets/Arachnea The Devourer/Textures/Body using Guid(33b477009e9f7564cae1140ddeb15a9b) Importer(815301076,1909f56bfc062723c751e8b465ee728b)  -> (artifact id: '5fd9a64cbf7f7fc8654e3d457ab02d8a') in 0.002039 seconds
  Import took 0.004902 seconds .

========================================================================
Received Import Request.
  Time since last request: 87.789116 seconds.
  path: Assets/Arachnea The Devourer/Textures/Staff
  artifactKey: Guid(6e714d4f4966d4943a6274a670bc969f) Importer(815301076,1909f56bfc062723c751e8b465ee728b)
Start importing Assets/Arachnea The Devourer/Textures/Staff using Guid(6e714d4f4966d4943a6274a670bc969f) Importer(815301076,1909f56bfc062723c751e8b465ee728b)  -> (artifact id: 'e1bf9bd8d1b083fee2b3ccdbd1c2ba97') in 0.002281 seconds
  Import took 0.005581 seconds .

========================================================================
Received Import Request.
  Time since last request: 1.629844 seconds.
  path: Assets/Arachnea The Devourer/Textures/Staff/Materials
  artifactKey: Guid(d2e596ec32e29a14a81105076a5bcc37) Importer(815301076,1909f56bfc062723c751e8b465ee728b)
Start importing Assets/Arachnea The Devourer/Textures/Staff/Materials using Guid(d2e596ec32e29a14a81105076a5bcc37) Importer(815301076,1909f56bfc062723c751e8b465ee728b)  -> (artifact id: 'f7e07328bd357f569a6f8a1401ae2189') in 0.002104 seconds
  Import took 0.005003 seconds .

========================================================================
Received Import Request.
  Time since last request: 47.231564 seconds.
  path: Assets/Materials/Arahna/Body.mat
  artifactKey: Guid(81def3e6b5adacf4f84dbe4599336b0f) Importer(815301076,1909f56bfc062723c751e8b465ee728b)
Start importing Assets/Materials/Arahna/Body.mat using Guid(81def3e6b5adacf4f84dbe4599336b0f) Importer(815301076,1909f56bfc062723c751e8b465ee728b)  -> (artifact id: 'ec171c429939bdc250593fdabb794cf0') in 0.019716 seconds
  Import took 0.024484 seconds .

========================================================================
Received Import Request.
  Time since last request: 0.000567 seconds.
  path: Assets/Materials/Arahna/Hair.mat
  artifactKey: Guid(698027e43695c254c89297495005a584) Importer(815301076,1909f56bfc062723c751e8b465ee728b)
Start importing Assets/Materials/Arahna/Hair.mat using Guid(698027e43695c254c89297495005a584) Importer(815301076,1909f56bfc062723c751e8b465ee728b)  -> (artifact id: '56b27d1dd9104c8fe9cad5a47851b55b') in 0.014360 seconds
  Import took 0.018316 seconds .

========================================================================
Received Import Request.
  Time since last request: 0.000430 seconds.
  path: Assets/Materials/Arahna/Head.mat
  artifactKey: Guid(7f42e9bec532fcd49bf2dea976d1dfad) Importer(815301076,1909f56bfc062723c751e8b465ee728b)
Start importing Assets/Materials/Arahna/Head.mat using Guid(7f42e9bec532fcd49bf2dea976d1dfad) Importer(815301076,1909f56bfc062723c751e8b465ee728b)  -> (artifact id: 'b120b5aeaa8979c61245d0092e7185d0') in 0.010119 seconds
  Import took 0.013099 seconds .

========================================================================
Received Import Request.
  Time since last request: 0.000270 seconds.
  path: Assets/Materials/Arahna/Skin.mat
  artifactKey: Guid(89c2e53cd813bf244820ef9829fc5314) Importer(815301076,1909f56bfc062723c751e8b465ee728b)
Start importing Assets/Materials/Arahna/Skin.mat using Guid(89c2e53cd813bf244820ef9829fc5314) Importer(815301076,1909f56bfc062723c751e8b465ee728b)  -> (artifact id: '2ff879f15eaee83c935b79ab902c6aeb') in 0.010317 seconds
  Import took 0.014158 seconds .

========================================================================
Received Import Request.
  Time since last request: 0.000313 seconds.
  path: Assets/Materials/Arahna/Staff.mat
  artifactKey: Guid(445e315e6d1ba224a928b042f4ccd42f) Importer(815301076,1909f56bfc062723c751e8b465ee728b)
Start importing Assets/Materials/Arahna/Staff.mat using Guid(445e315e6d1ba224a928b042f4ccd42f) Importer(815301076,1909f56bfc062723c751e8b465ee728b)  -> (artifact id: '5b5575ecfc53b6e07088a47717a21774') in 0.024799 seconds
  Import took 0.027872 seconds .

========================================================================
Received Prepare
Registering precompiled user dll's ...
Registered in 0.001209 seconds.
Begin MonoManager ReloadAssembly
Native extension for WindowsStandalone target not found
Refreshing native plugins compatible for Editor in 0.88 ms, found 0 plugins.
Preloading 0 native plugins for Editor in 0.00 ms.
Mono: successfully reloaded assembly
- Completed reload, in  1.310 seconds
Platform modules already initialized, skipping
Refreshing native plugins compatible for Editor in 0.72 ms, found 0 plugins.
Preloading 0 native plugins for Editor in 0.00 ms.
Unloading 1125 Unused Serialized files (Serialized files now loaded: 0)
System memory in use before: 89.6 MB.
System memory in use after: 89.3 MB.

Unloading 7 unused Assets to reduce memory usage. Loaded Objects now: 1643.
Total: 2.862500 ms (FindLiveObjects: 0.189000 ms CreateObjectMapping: 0.067300 ms MarkObjects: 2.046000 ms  DeleteObjects: 0.558200 ms)

========================================================================
Received Import Request.
  Time since last request: 90.780783 seconds.
  path: Assets/HuaYao
  artifactKey: Guid(a28efb50d91fc444ea87223d294ca097) Importer(815301076,1909f56bfc062723c751e8b465ee728b)
Start importing Assets/HuaYao using Guid(a28efb50d91fc444ea87223d294ca097) Importer(815301076,1909f56bfc062723c751e8b465ee728b)  -> (artifact id: '21032c817dec4f8c24abf91d2a614a0f') in 0.005793 seconds
  Import took 0.009003 seconds .

========================================================================
Received Import Request.
  Time since last request: 0.011405 seconds.
  path: Assets/HuaYao
  artifactKey: Guid(a28efb50d91fc444ea87223d294ca097) Importer(815301076,1909f56bfc062723c751e8b465ee728b)
Start importing Assets/HuaYao using Guid(a28efb50d91fc444ea87223d294ca097) Importer(815301076,1909f56bfc062723c751e8b465ee728b)  -> (artifact id: '21032c817dec4f8c24abf91d2a614a0f') in 0.002094 seconds
  Import took 0.004761 seconds .

========================================================================
Received Import Request.
  Time since last request: 2.719045 seconds.
  path: Assets/HuaYao/HuaYing.unity
  artifactKey: Guid(b2061e24b94b90543824bf71f5a00e24) Importer(815301076,1909f56bfc062723c751e8b465ee728b)
Start importing Assets/HuaYao/HuaYing.unity using Guid(b2061e24b94b90543824bf71f5a00e24) Importer(815301076,1909f56bfc062723c751e8b465ee728b)  -> (artifact id: '8ed020807e268b7d43a268717a559c0d') in 0.015732 seconds
  Import took 0.019357 seconds .

========================================================================
Received Import Request.
  Time since last request: 0.959828 seconds.
  path: Assets/HuaYao/Demon
  artifactKey: Guid(bd7f67439cf80004385a928e5baa0394) Importer(815301076,1909f56bfc062723c751e8b465ee728b)
Start importing Assets/HuaYao/Demon using Guid(bd7f67439cf80004385a928e5baa0394) Importer(815301076,1909f56bfc062723c751e8b465ee728b)  -> (artifact id: '832d9b12a988526c8e853034f7be52ae') in 0.002346 seconds
  Import took 0.005441 seconds .

========================================================================
Received Import Request.
  Time since last request: 0.994412 seconds.
  path: Assets/HuaYao/Demon/HuaYao
  artifactKey: Guid(7ef5487b8a07c8540bf1a05678a418e2) Importer(815301076,1909f56bfc062723c751e8b465ee728b)
Start importing Assets/HuaYao/Demon/HuaYao using Guid(7ef5487b8a07c8540bf1a05678a418e2) Importer(815301076,1909f56bfc062723c751e8b465ee728b)  -> (artifact id: '8b6a26630d61d0e8f81943d573e07f65') in 0.002126 seconds
  Import took 0.005107 seconds .

========================================================================
Received Import Request.
  Time since last request: 0.114115 seconds.
  path: Assets/HuaYao/Demon/HuaYao/HuaYao.FBX
  artifactKey: Guid(fb4ee977e7d532a49ad9b14344240c98) Importer(815301076,1909f56bfc062723c751e8b465ee728b)
Start importing Assets/HuaYao/Demon/HuaYao/HuaYao.FBX using Guid(fb4ee977e7d532a49ad9b14344240c98) Importer(815301076,1909f56bfc062723c751e8b465ee728b)  -> (artifact id: '2b8c82e3bc55de3ba36c41c11d3a9a26') in 0.145433 seconds
  Import took 0.150419 seconds .

========================================================================
Received Import Request.
  Time since last request: 0.000469 seconds.
  path: Assets/HuaYao/Demon/HuaYao/HuaYao_02.tga
  artifactKey: Guid(dcc4ad1ca67783842bb2442d604acb02) Importer(815301076,1909f56bfc062723c751e8b465ee728b)
Start importing Assets/HuaYao/Demon/HuaYao/HuaYao_02.tga using Guid(dcc4ad1ca67783842bb2442d604acb02) Importer(815301076,1909f56bfc062723c751e8b465ee728b)  -> (artifact id: 'acf9ff3da12e54a0837c68233e7dc92f') in 0.059012 seconds
  Import took 0.062047 seconds .

========================================================================
Received Import Request.
  Time since last request: 0.000405 seconds.
  path: Assets/HuaYao/Demon/HuaYao/HuaYao_01.tga
  artifactKey: Guid(e8c8b1f680644a9449bb036152d6a45d) Importer(815301076,1909f56bfc062723c751e8b465ee728b)
Start importing Assets/HuaYao/Demon/HuaYao/HuaYao_01.tga using Guid(e8c8b1f680644a9449bb036152d6a45d) Importer(815301076,1909f56bfc062723c751e8b465ee728b)  -> (artifact id: '390c22c644d4fe900dc817930b31c73b') in 0.010676 seconds
  Import took 0.013719 seconds .

========================================================================
Received Import Request.
  Time since last request: 0.000445 seconds.
  path: Assets/HuaYao/Demon/HuaYao/HuaYao_03.tga
  artifactKey: Guid(2967ef7f0b09bb347a32a9a50750b11d) Importer(815301076,1909f56bfc062723c751e8b465ee728b)
Start importing Assets/HuaYao/Demon/HuaYao/HuaYao_03.tga using Guid(2967ef7f0b09bb347a32a9a50750b11d) Importer(815301076,1909f56bfc062723c751e8b465ee728b)  -> (artifact id: 'b2f9c33c5cefe799e04f644119391445') in 0.009319 seconds
  Import took 0.012334 seconds .

========================================================================
Received Import Request.
  Time since last request: 0.000318 seconds.
  path: Assets/HuaYao/Demon/HuaYao/HuaYao_03.prefab
  artifactKey: Guid(2a2eaaaaf202acc4291e6f046a2c6f5d) Importer(815301076,1909f56bfc062723c751e8b465ee728b)
Start importing Assets/HuaYao/Demon/HuaYao/HuaYao_03.prefab using Guid(2a2eaaaaf202acc4291e6f046a2c6f5d) Importer(815301076,1909f56bfc062723c751e8b465ee728b)  -> (artifact id: 'd7912d5b6a584d3920b9d139729a2106') in 0.022848 seconds
  Import took 0.026301 seconds .

========================================================================
Received Import Request.
  Time since last request: 0.000270 seconds.
  path: Assets/HuaYao/Demon/HuaYao/HuaYao_01.prefab
  artifactKey: Guid(cb2a63aa7e6bbda4b8127e31c18ef3e9) Importer(815301076,1909f56bfc062723c751e8b465ee728b)
Start importing Assets/HuaYao/Demon/HuaYao/HuaYao_01.prefab using Guid(cb2a63aa7e6bbda4b8127e31c18ef3e9) Importer(815301076,1909f56bfc062723c751e8b465ee728b)  -> (artifact id: '231bf74913e8030fa5e76a8bc0729391') in 0.019984 seconds
  Import took 0.023672 seconds .

========================================================================
Received Import Request.
  Time since last request: 0.000302 seconds.
  path: Assets/HuaYao/Demon/HuaYao/HuaYao_02.prefab
  artifactKey: Guid(c3b68bdc51549c94b901881e33c43c96) Importer(815301076,1909f56bfc062723c751e8b465ee728b)
Start importing Assets/HuaYao/Demon/HuaYao/HuaYao_02.prefab using Guid(c3b68bdc51549c94b901881e33c43c96) Importer(815301076,1909f56bfc062723c751e8b465ee728b)  -> (artifact id: '36160f6c50dfab990bf5008efa287075') in 0.023140 seconds
  Import took 0.026808 seconds .

========================================================================
Received Import Request.
  Time since last request: 0.009940 seconds.
  path: Assets/HuaYao/Demon/HuaYao/HuaYao_02.prefab
  artifactKey: Guid(c3b68bdc51549c94b901881e33c43c96) Importer(815301076,1909f56bfc062723c751e8b465ee728b)
Start importing Assets/HuaYao/Demon/HuaYao/HuaYao_02.prefab using Guid(c3b68bdc51549c94b901881e33c43c96) Importer(815301076,1909f56bfc062723c751e8b465ee728b)  -> (artifact id: '36160f6c50dfab990bf5008efa287075') in 0.016382 seconds
  Import took 0.020973 seconds .

========================================================================
Received Import Request.
  Time since last request: 3.120810 seconds.
  path: Assets/HuaYao/Demon/HuaYao/Materials
  artifactKey: Guid(77cd3e73784d2954a8631ef51481e526) Importer(815301076,1909f56bfc062723c751e8b465ee728b)
Start importing Assets/HuaYao/Demon/HuaYao/Materials using Guid(77cd3e73784d2954a8631ef51481e526) Importer(815301076,1909f56bfc062723c751e8b465ee728b)  -> (artifact id: 'e393a5655431bcda8fe353e25e567c3c') in 0.002090 seconds
  Import took 0.005137 seconds .

========================================================================
Received Import Request.
  Time since last request: 9.703218 seconds.
  path: Assets/HuaYao/Demon/HuaYao/Materials/HuaYao_01.mat
  artifactKey: Guid(2e06ea306b36b4342b501640fa467220) Importer(815301076,1909f56bfc062723c751e8b465ee728b)
Start importing Assets/HuaYao/Demon/HuaYao/Materials/HuaYao_01.mat using Guid(2e06ea306b36b4342b501640fa467220) Importer(815301076,1909f56bfc062723c751e8b465ee728b)  -> (artifact id: 'bc5cc1d6c9f6434068e20b96502b5da5') in 0.027685 seconds
  Import took 0.031187 seconds .

========================================================================
Received Import Request.
  Time since last request: 0.000515 seconds.
  path: Assets/HuaYao/Demon/HuaYao/Materials/HuaYao_03.mat
  artifactKey: Guid(c30eeb33c454f234bb79739b431d5dd6) Importer(815301076,1909f56bfc062723c751e8b465ee728b)
Start importing Assets/HuaYao/Demon/HuaYao/Materials/HuaYao_03.mat using Guid(c30eeb33c454f234bb79739b431d5dd6) Importer(815301076,1909f56bfc062723c751e8b465ee728b)  -> (artifact id: 'fcd88016cac1544e9359ba1c9b563849') in 0.011649 seconds
  Import took 0.014798 seconds .

========================================================================
Received Import Request.
  Time since last request: 0.000465 seconds.
  path: Assets/HuaYao/Demon/HuaYao/Materials/Standard_13.mat
  artifactKey: Guid(211a2e5fd1a88e74d82918808c385197) Importer(815301076,1909f56bfc062723c751e8b465ee728b)
Start importing Assets/HuaYao/Demon/HuaYao/Materials/Standard_13.mat using Guid(211a2e5fd1a88e74d82918808c385197) Importer(815301076,1909f56bfc062723c751e8b465ee728b)  -> (artifact id: '5c5a1e839a8db71c6f60fea2320bc091') in 0.008791 seconds
  Import took 0.011809 seconds .

========================================================================
Received Import Request.
  Time since last request: 0.000266 seconds.
  path: Assets/HuaYao/Demon/HuaYao/Materials/HuaYao_02.mat
  artifactKey: Guid(db9c3dd5e104c7f4b836b1097eda5f1f) Importer(815301076,1909f56bfc062723c751e8b465ee728b)
Start importing Assets/HuaYao/Demon/HuaYao/Materials/HuaYao_02.mat using Guid(db9c3dd5e104c7f4b836b1097eda5f1f) Importer(815301076,1909f56bfc062723c751e8b465ee728b)  -> (artifact id: '7d4c8ac7f37e1a1305ae043d621b907f') in 0.009968 seconds
  Import took 0.012920 seconds .

========================================================================
Received Prepare
Registering precompiled user dll's ...
Registered in 0.001244 seconds.
Begin MonoManager ReloadAssembly
Native extension for WindowsStandalone target not found
Refreshing native plugins compatible for Editor in 0.53 ms, found 0 plugins.
Preloading 0 native plugins for Editor in 0.00 ms.
Mono: successfully reloaded assembly
- Completed reload, in  1.427 seconds
Platform modules already initialized, skipping
Refreshing native plugins compatible for Editor in 0.52 ms, found 0 plugins.
Preloading 0 native plugins for Editor in 0.00 ms.
Unloading 1125 Unused Serialized files (Serialized files now loaded: 0)
System memory in use before: 89.8 MB.
System memory in use after: 89.4 MB.

Unloading 7 unused Assets to reduce memory usage. Loaded Objects now: 1648.
Total: 2.913300 ms (FindLiveObjects: 0.201200 ms CreateObjectMapping: 0.070800 ms MarkObjects: 2.048300 ms  DeleteObjects: 0.591200 ms)

========================================================================
Received Import Request.
  Time since last request: 53.919931 seconds.
  path: Assets/Animator
  artifactKey: Guid(baafd66042af0884c8a7e0a451dd67a2) Importer(815301076,1909f56bfc062723c751e8b465ee728b)
Start importing Assets/Animator using Guid(baafd66042af0884c8a7e0a451dd67a2) Importer(815301076,1909f56bfc062723c751e8b465ee728b)  -> (artifact id: '7bd7dc9bc0c574316191ae774be3b9b7') in 0.005949 seconds
  Import took 0.009741 seconds .

========================================================================
Received Import Request.
  Time since last request: 16.877386 seconds.
  path: Assets/Animator/PlayerAnimator.controller
  artifactKey: Guid(cfe418168508e9141ad80ed72feb134d) Importer(815301076,1909f56bfc062723c751e8b465ee728b)
Start importing Assets/Animator/PlayerAnimator.controller using Guid(cfe418168508e9141ad80ed72feb134d) Importer(815301076,1909f56bfc062723c751e8b465ee728b)  -> (artifact id: 'e92b1bd9c8bc9d8a2c895bda9d45f785') in 0.022068 seconds
  Import took 0.025694 seconds .

========================================================================
Received Import Request.
  Time since last request: 11.449239 seconds.
  path: Assets/HuaYao/CommodityProgect
  artifactKey: Guid(2d0e83f568884a64387542109a35e210) Importer(815301076,1909f56bfc062723c751e8b465ee728b)
Start importing Assets/HuaYao/CommodityProgect using Guid(2d0e83f568884a64387542109a35e210) Importer(815301076,1909f56bfc062723c751e8b465ee728b)  -> (artifact id: 'bd200d526a3cf9616d7d1de84a1111fc') in 0.002335 seconds
  Import took 0.005483 seconds .

========================================================================
Received Import Request.
  Time since last request: 26.600287 seconds.
  path: Assets/HuaYao/Demon/HuaYao_Animation
  artifactKey: Guid(ebe36aa9874690149a0d3891b2b5d137) Importer(815301076,1909f56bfc062723c751e8b465ee728b)
Start importing Assets/HuaYao/Demon/HuaYao_Animation using Guid(ebe36aa9874690149a0d3891b2b5d137) Importer(815301076,1909f56bfc062723c751e8b465ee728b)  -> (artifact id: '86d90248fd1ef6f6ddd84f8431dc0d46') in 0.002374 seconds
  Import took 0.005690 seconds .

========================================================================
Received Import Request.
  Time since last request: 0.093491 seconds.
  path: Assets/HuaYao/Demon/HuaYao_Animation/HuaYao@Attack1.FBX
  artifactKey: Guid(2e6a794b99f7ebc4b83fe8b4ad59fad5) Importer(815301076,1909f56bfc062723c751e8b465ee728b)
Start importing Assets/HuaYao/Demon/HuaYao_Animation/HuaYao@Attack1.FBX using Guid(2e6a794b99f7ebc4b83fe8b4ad59fad5) Importer(815301076,1909f56bfc062723c751e8b465ee728b)  -> (artifact id: '650c12b5075780a45ce9900377569e97') in 0.045694 seconds
  Import took 0.051951 seconds .

========================================================================
Received Import Request.
  Time since last request: 0.000512 seconds.
  path: Assets/HuaYao/Demon/HuaYao_Animation/HuaYao@Walk.FBX
  artifactKey: Guid(f7644b25e8190c34d80c298fae576835) Importer(815301076,1909f56bfc062723c751e8b465ee728b)
Start importing Assets/HuaYao/Demon/HuaYao_Animation/HuaYao@Walk.FBX using Guid(f7644b25e8190c34d80c298fae576835) Importer(815301076,1909f56bfc062723c751e8b465ee728b)  -> (artifact id: 'a13c7c39c8e71dc0ef53adb2bb51dc1a') in 0.007727 seconds
  Import took 0.012066 seconds .

========================================================================
Received Import Request.
  Time since last request: 0.000302 seconds.
  path: Assets/HuaYao/Demon/HuaYao_Animation/HuaYao@Attack3.FBX
  artifactKey: Guid(8c93064592c526c4299671c4202846dd) Importer(815301076,1909f56bfc062723c751e8b465ee728b)
Start importing Assets/HuaYao/Demon/HuaYao_Animation/HuaYao@Attack3.FBX using Guid(8c93064592c526c4299671c4202846dd) Importer(815301076,1909f56bfc062723c751e8b465ee728b)  -> (artifact id: '3744a5a5c5003fa648fa006bd478ea47') in 0.012166 seconds
  Import took 0.016420 seconds .

========================================================================
Received Import Request.
  Time since last request: 0.000274 seconds.
  path: Assets/HuaYao/Demon/HuaYao_Animation/HuaYao@Idle.FBX
  artifactKey: Guid(ee1260ce51284984daef2174f923b024) Importer(815301076,1909f56bfc062723c751e8b465ee728b)
Start importing Assets/HuaYao/Demon/HuaYao_Animation/HuaYao@Idle.FBX using Guid(ee1260ce51284984daef2174f923b024) Importer(815301076,1909f56bfc062723c751e8b465ee728b)  -> (artifact id: 'c0427b185e6465455f1b76c685529166') in 0.007200 seconds
  Import took 0.010267 seconds .

========================================================================
Received Import Request.
  Time since last request: 0.000257 seconds.
  path: Assets/HuaYao/Demon/HuaYao_Animation/HuaYao@Fight.FBX
  artifactKey: Guid(ca8b82d2ea5097645b6f835971237811) Importer(815301076,1909f56bfc062723c751e8b465ee728b)
Start importing Assets/HuaYao/Demon/HuaYao_Animation/HuaYao@Fight.FBX using Guid(ca8b82d2ea5097645b6f835971237811) Importer(815301076,1909f56bfc062723c751e8b465ee728b)  -> (artifact id: '5e024791429580ed6692f4fe9df31538') in 0.007713 seconds
  Import took 0.010968 seconds .

========================================================================
Received Import Request.
  Time since last request: 0.000281 seconds.
  path: Assets/HuaYao/Demon/HuaYao_Animation/HuaYao@Attack2.FBX
  artifactKey: Guid(bcac86237a3bdfd4196b3ace9e0afea5) Importer(815301076,1909f56bfc062723c751e8b465ee728b)
Start importing Assets/HuaYao/Demon/HuaYao_Animation/HuaYao@Attack2.FBX using Guid(bcac86237a3bdfd4196b3ace9e0afea5) Importer(815301076,1909f56bfc062723c751e8b465ee728b)  -> (artifact id: '6c743986a80e737b3938bdc45b032e41') in 0.007456 seconds
  Import took 0.010669 seconds .

========================================================================
Received Import Request.
  Time since last request: 0.000316 seconds.
  path: Assets/HuaYao/Demon/HuaYao_Animation/HuaYao@Run.FBX
  artifactKey: Guid(d3b0fd919cb7d524f87018d72b39a6fe) Importer(815301076,1909f56bfc062723c751e8b465ee728b)
Start importing Assets/HuaYao/Demon/HuaYao_Animation/HuaYao@Run.FBX using Guid(d3b0fd919cb7d524f87018d72b39a6fe) Importer(815301076,1909f56bfc062723c751e8b465ee728b)  -> (artifact id: 'd0a79ed9ddf22a8e6883114f61a3c811') in 0.007651 seconds
  Import took 0.011111 seconds .

========================================================================
Received Import Request.
  Time since last request: 0.000384 seconds.
  path: Assets/HuaYao/Demon/HuaYao_Animation/HuaYao@Death.FBX
  artifactKey: Guid(bb79d1d84e8eb5c47936598a6161d0d9) Importer(815301076,1909f56bfc062723c751e8b465ee728b)
Start importing Assets/HuaYao/Demon/HuaYao_Animation/HuaYao@Death.FBX using Guid(bb79d1d84e8eb5c47936598a6161d0d9) Importer(815301076,1909f56bfc062723c751e8b465ee728b)  -> (artifact id: '76d9c7e85f66c1511a3dd4f1ba50feba') in 0.007742 seconds
  Import took 0.011047 seconds .

========================================================================
Received Import Request.
  Time since last request: 0.000289 seconds.
  path: Assets/HuaYao/Demon/HuaYao_Animation/HuaYao@Wound.FBX
  artifactKey: Guid(d07964a1bd0b65d4ba50e8ad6284f520) Importer(815301076,1909f56bfc062723c751e8b465ee728b)
Start importing Assets/HuaYao/Demon/HuaYao_Animation/HuaYao@Wound.FBX using Guid(d07964a1bd0b65d4ba50e8ad6284f520) Importer(815301076,1909f56bfc062723c751e8b465ee728b)  -> (artifact id: 'b9b5a993ec9482a2d00ae501e8f7b0c8') in 0.007204 seconds
  Import took 0.010339 seconds .

========================================================================
Received Import Request.
  Time since last request: 21.864745 seconds.
  path: Assets/HuaYao/CommodityProgect/BackGround
  artifactKey: Guid(7d6e2e8eceabe754fa14cc233c718322) Importer(815301076,1909f56bfc062723c751e8b465ee728b)
Start importing Assets/HuaYao/CommodityProgect/BackGround using Guid(7d6e2e8eceabe754fa14cc233c718322) Importer(815301076,1909f56bfc062723c751e8b465ee728b)  -> (artifact id: '860ad667d3b5a5846a5bb5e9a27b8c9d') in 0.002266 seconds
  Import took 0.005342 seconds .

========================================================================
Received Import Request.
  Time since last request: 2.138087 seconds.
  path: Assets/HuaYao/CommodityProgect/CommodityShowScript
  artifactKey: Guid(21c9942ab6d3ae342acfab594845e053) Importer(815301076,1909f56bfc062723c751e8b465ee728b)
Start importing Assets/HuaYao/CommodityProgect/CommodityShowScript using Guid(21c9942ab6d3ae342acfab594845e053) Importer(815301076,1909f56bfc062723c751e8b465ee728b)  -> (artifact id: '01abb743cd7f4ac52672d80f77c5b109') in 0.002300 seconds
  Import took 0.005753 seconds .

========================================================================
Received Prepare
Registering precompiled user dll's ...
Registered in 0.001061 seconds.
Begin MonoManager ReloadAssembly
Native extension for WindowsStandalone target not found
Refreshing native plugins compatible for Editor in 0.46 ms, found 0 plugins.
Preloading 0 native plugins for Editor in 0.00 ms.
Mono: successfully reloaded assembly
- Completed reload, in  1.302 seconds
Platform modules already initialized, skipping
Refreshing native plugins compatible for Editor in 0.49 ms, found 0 plugins.
Preloading 0 native plugins for Editor in 0.00 ms.
Unloading 1125 Unused Serialized files (Serialized files now loaded: 0)
System memory in use before: 89.8 MB.
System memory in use after: 89.5 MB.

Unloading 7 unused Assets to reduce memory usage. Loaded Objects now: 1651.
Total: 2.408900 ms (FindLiveObjects: 0.162100 ms CreateObjectMapping: 0.055900 ms MarkObjects: 1.693800 ms  DeleteObjects: 0.495400 ms)

========================================================================
Received Prepare
Registering precompiled user dll's ...
Registered in 0.001213 seconds.
Begin MonoManager ReloadAssembly
Native extension for WindowsStandalone target not found
Refreshing native plugins compatible for Editor in 0.52 ms, found 0 plugins.
Preloading 0 native plugins for Editor in 0.00 ms.
Mono: successfully reloaded assembly
- Completed reload, in  1.422 seconds
Platform modules already initialized, skipping
Refreshing native plugins compatible for Editor in 0.53 ms, found 0 plugins.
Preloading 0 native plugins for Editor in 0.00 ms.
Unloading 1125 Unused Serialized files (Serialized files now loaded: 0)
System memory in use before: 89.9 MB.
System memory in use after: 89.5 MB.

Unloading 7 unused Assets to reduce memory usage. Loaded Objects now: 1654.
Total: 2.924100 ms (FindLiveObjects: 0.181600 ms CreateObjectMapping: 0.066500 ms MarkObjects: 2.059300 ms  DeleteObjects: 0.614500 ms)

========================================================================
Received Prepare
Registering precompiled user dll's ...
Registered in 0.001051 seconds.
Begin MonoManager ReloadAssembly
Native extension for WindowsStandalone target not found
Refreshing native plugins compatible for Editor in 0.51 ms, found 0 plugins.
Preloading 0 native plugins for Editor in 0.00 ms.
Mono: successfully reloaded assembly
- Completed reload, in  1.445 seconds
Platform modules already initialized, skipping
Refreshing native plugins compatible for Editor in 0.53 ms, found 0 plugins.
Preloading 0 native plugins for Editor in 0.00 ms.
Unloading 1125 Unused Serialized files (Serialized files now loaded: 0)
System memory in use before: 89.9 MB.
System memory in use after: 89.5 MB.

Unloading 7 unused Assets to reduce memory usage. Loaded Objects now: 1657.
Total: 2.934400 ms (FindLiveObjects: 0.190500 ms CreateObjectMapping: 0.066500 ms MarkObjects: 2.047100 ms  DeleteObjects: 0.627600 ms)

========================================================================
Received Import Request.
  Time since last request: 452.410415 seconds.
  path: Assets/HuaYao/Demon/HuaYao/HuaYao.FBX
  artifactKey: Guid(fb4ee977e7d532a49ad9b14344240c98) Importer(815301076,1909f56bfc062723c751e8b465ee728b)
Start importing Assets/HuaYao/Demon/HuaYao/HuaYao.FBX using Guid(fb4ee977e7d532a49ad9b14344240c98) Importer(815301076,1909f56bfc062723c751e8b465ee728b)  -> (artifact id: '87f1f78d6515f30bf114649837a49497') in 0.164872 seconds
  Import took 0.169046 seconds .

========================================================================
Received Prepare
Registering precompiled user dll's ...
Registered in 0.001252 seconds.
Begin MonoManager ReloadAssembly
Native extension for WindowsStandalone target not found
Refreshing native plugins compatible for Editor in 0.52 ms, found 0 plugins.
Preloading 0 native plugins for Editor in 0.00 ms.
Mono: successfully reloaded assembly
- Completed reload, in  1.518 seconds
Platform modules already initialized, skipping
Refreshing native plugins compatible for Editor in 0.52 ms, found 0 plugins.
Preloading 0 native plugins for Editor in 0.00 ms.
Unloading 1125 Unused Serialized files (Serialized files now loaded: 0)
System memory in use before: 89.9 MB.
System memory in use after: 89.5 MB.

Unloading 7 unused Assets to reduce memory usage. Loaded Objects now: 1661.
Total: 3.864400 ms (FindLiveObjects: 0.217300 ms CreateObjectMapping: 0.073400 ms MarkObjects: 2.893500 ms  DeleteObjects: 0.677300 ms)

========================================================================
Received Import Request.
  Time since last request: 32.678110 seconds.
  path: Assets/HuaYao/Demon/HuaYao/HuaYao.FBX
  artifactKey: Guid(fb4ee977e7d532a49ad9b14344240c98) Importer(815301076,1909f56bfc062723c751e8b465ee728b)
Start importing Assets/HuaYao/Demon/HuaYao/HuaYao.FBX using Guid(fb4ee977e7d532a49ad9b14344240c98) Importer(815301076,1909f56bfc062723c751e8b465ee728b)  -> (artifact id: '7cf1462016b2f2f1cc4cc32373cfc2b2') in 0.142096 seconds
  Import took 0.145932 seconds .

========================================================================
Received Import Request.
  Time since last request: 3.352357 seconds.
  path: Assets/HuaYao/Demon/HuaYao/HuaYao.FBX
  artifactKey: Guid(fb4ee977e7d532a49ad9b14344240c98) Importer(815301076,1909f56bfc062723c751e8b465ee728b)
Start importing Assets/HuaYao/Demon/HuaYao/HuaYao.FBX using Guid(fb4ee977e7d532a49ad9b14344240c98) Importer(815301076,1909f56bfc062723c751e8b465ee728b)  -> (artifact id: '7cf1462016b2f2f1cc4cc32373cfc2b2') in 0.028772 seconds
  Import took 0.032689 seconds .

========================================================================
Received Prepare
Registering precompiled user dll's ...
Registered in 0.001160 seconds.
Begin MonoManager ReloadAssembly
Native extension for WindowsStandalone target not found
Refreshing native plugins compatible for Editor in 0.59 ms, found 0 plugins.
Preloading 0 native plugins for Editor in 0.00 ms.
Mono: successfully reloaded assembly
- Completed reload, in  1.252 seconds
Platform modules already initialized, skipping
Refreshing native plugins compatible for Editor in 0.48 ms, found 0 plugins.
Preloading 0 native plugins for Editor in 0.00 ms.
Unloading 1125 Unused Serialized files (Serialized files now loaded: 0)
System memory in use before: 89.9 MB.
System memory in use after: 89.6 MB.

Unloading 7 unused Assets to reduce memory usage. Loaded Objects now: 1665.
Total: 2.512200 ms (FindLiveObjects: 0.154300 ms CreateObjectMapping: 0.054600 ms MarkObjects: 1.785400 ms  DeleteObjects: 0.516300 ms)

========================================================================
Received Prepare
Registering precompiled user dll's ...
Registered in 0.001238 seconds.
Begin MonoManager ReloadAssembly
Native extension for WindowsStandalone target not found
Refreshing native plugins compatible for Editor in 0.45 ms, found 0 plugins.
Preloading 0 native plugins for Editor in 0.00 ms.
Mono: successfully reloaded assembly
- Completed reload, in  1.346 seconds
Platform modules already initialized, skipping
Refreshing native plugins compatible for Editor in 0.60 ms, found 0 plugins.
Preloading 0 native plugins for Editor in 0.00 ms.
Unloading 1125 Unused Serialized files (Serialized files now loaded: 0)
System memory in use before: 89.9 MB.
System memory in use after: 89.6 MB.

Unloading 7 unused Assets to reduce memory usage. Loaded Objects now: 1668.
Total: 2.486700 ms (FindLiveObjects: 0.161300 ms CreateObjectMapping: 0.055400 ms MarkObjects: 1.730800 ms  DeleteObjects: 0.537300 ms)

========================================================================
Received Prepare
Registering precompiled user dll's ...
Registered in 0.000965 seconds.
Begin MonoManager ReloadAssembly
Native extension for WindowsStandalone target not found
Refreshing native plugins compatible for Editor in 0.49 ms, found 0 plugins.
Preloading 0 native plugins for Editor in 0.00 ms.
Mono: successfully reloaded assembly
- Completed reload, in  1.373 seconds
Platform modules already initialized, skipping
Refreshing native plugins compatible for Editor in 0.46 ms, found 0 plugins.
Preloading 0 native plugins for Editor in 0.00 ms.
Unloading 1120 Unused Serialized files (Serialized files now loaded: 0)
System memory in use before: 89.2 MB.
System memory in use after: 89.3 MB.

Unloading 8 unused Assets to reduce memory usage. Loaded Objects now: 1668.
Total: 2.013600 ms (FindLiveObjects: 0.162700 ms CreateObjectMapping: 0.053300 ms MarkObjects: 1.708800 ms  DeleteObjects: 0.087200 ms)

========================================================================
Received Prepare
Registering precompiled user dll's ...
Registered in 0.001101 seconds.
Begin MonoManager ReloadAssembly
Native extension for WindowsStandalone target not found
Refreshing native plugins compatible for Editor in 0.52 ms, found 0 plugins.
Preloading 0 native plugins for Editor in 0.00 ms.
Mono: successfully reloaded assembly
- Completed reload, in  1.467 seconds
Platform modules already initialized, skipping
Refreshing native plugins compatible for Editor in 0.52 ms, found 0 plugins.
Preloading 0 native plugins for Editor in 0.00 ms.
Unloading 1120 Unused Serialized files (Serialized files now loaded: 0)
System memory in use before: 89.2 MB.
System memory in use after: 89.3 MB.

Unloading 5 unused Assets to reduce memory usage. Loaded Objects now: 1671.
Total: 2.562000 ms (FindLiveObjects: 0.198600 ms CreateObjectMapping: 0.067000 ms MarkObjects: 2.186300 ms  DeleteObjects: 0.108000 ms)

========================================================================
Received Prepare
Registering precompiled user dll's ...
Registered in 0.000988 seconds.
Begin MonoManager ReloadAssembly
Native extension for WindowsStandalone target not found
Refreshing native plugins compatible for Editor in 0.70 ms, found 0 plugins.
Preloading 0 native plugins for Editor in 0.00 ms.
Mono: successfully reloaded assembly
- Completed reload, in  1.529 seconds
Platform modules already initialized, skipping
Refreshing native plugins compatible for Editor in 0.53 ms, found 0 plugins.
Preloading 0 native plugins for Editor in 0.00 ms.
Unloading 1120 Unused Serialized files (Serialized files now loaded: 0)
System memory in use before: 89.2 MB.
System memory in use after: 89.3 MB.

Unloading 5 unused Assets to reduce memory usage. Loaded Objects now: 1674.
Total: 2.483800 ms (FindLiveObjects: 0.188000 ms CreateObjectMapping: 0.067000 ms MarkObjects: 2.127300 ms  DeleteObjects: 0.099200 ms)

========================================================================
Received Import Request.
  Time since last request: 2874.970253 seconds.
  path: Assets/Scripts/Player/PlayerInput.cs
  artifactKey: Guid(6adf6b32afd9d7c48b419b7b289e9259) Importer(815301076,1909f56bfc062723c751e8b465ee728b)
Start importing Assets/Scripts/Player/PlayerInput.cs using Guid(6adf6b32afd9d7c48b419b7b289e9259) Importer(815301076,1909f56bfc062723c751e8b465ee728b)  -> (artifact id: 'ede90931e6f62ab6077d5325b5e2212b') in 0.015648 seconds
  Import took 0.019585 seconds .

========================================================================
Received Import Request.
  Time since last request: 0.437097 seconds.
  path: Assets/Scripts/Player/PlayerImage.cs
  artifactKey: Guid(fcbca7a37da8edd488e6c74ca981630a) Importer(815301076,1909f56bfc062723c751e8b465ee728b)
Start importing Assets/Scripts/Player/PlayerImage.cs using Guid(fcbca7a37da8edd488e6c74ca981630a) Importer(815301076,1909f56bfc062723c751e8b465ee728b)  -> (artifact id: '8bcdc083d156e4c93f6621e4a05eec18') in 0.002209 seconds
  Import took 0.005055 seconds .

========================================================================
Received Import Request.
  Time since last request: 0.001609 seconds.
  path: Assets/Scripts/Player/PlayerImage.cs
  artifactKey: Guid(fcbca7a37da8edd488e6c74ca981630a) Importer(815301076,1909f56bfc062723c751e8b465ee728b)
Start importing Assets/Scripts/Player/PlayerImage.cs using Guid(fcbca7a37da8edd488e6c74ca981630a) Importer(815301076,1909f56bfc062723c751e8b465ee728b)  -> (artifact id: '8bcdc083d156e4c93f6621e4a05eec18') in 0.001884 seconds
  Import took 0.004744 seconds .

========================================================================
Received Prepare
Registering precompiled user dll's ...
Registered in 0.000957 seconds.
Begin MonoManager ReloadAssembly
Native extension for WindowsStandalone target not found
Refreshing native plugins compatible for Editor in 0.52 ms, found 0 plugins.
Preloading 0 native plugins for Editor in 0.00 ms.
Mono: successfully reloaded assembly
- Completed reload, in  1.367 seconds
Platform modules already initialized, skipping
Refreshing native plugins compatible for Editor in 0.53 ms, found 0 plugins.
Preloading 0 native plugins for Editor in 0.00 ms.
Unloading 1120 Unused Serialized files (Serialized files now loaded: 0)
System memory in use before: 89.2 MB.
System memory in use after: 89.3 MB.

Unloading 5 unused Assets to reduce memory usage. Loaded Objects now: 1677.
Total: 2.401700 ms (FindLiveObjects: 0.182200 ms CreateObjectMapping: 0.066400 ms MarkObjects: 2.056800 ms  DeleteObjects: 0.094500 ms)

========================================================================
Received Import Request.
  Time since last request: 44.627465 seconds.
  path: Assets/Scripts/Player/PlayerImage.cs
  artifactKey: Guid(fcbca7a37da8edd488e6c74ca981630a) Importer(815301076,1909f56bfc062723c751e8b465ee728b)
Start importing Assets/Scripts/Player/PlayerImage.cs using Guid(fcbca7a37da8edd488e6c74ca981630a) Importer(815301076,1909f56bfc062723c751e8b465ee728b)  -> (artifact id: '281ac2027cf779c2151c4bbd000fd43b') in 0.005285 seconds
  Import took 0.008211 seconds .

========================================================================
Received Import Request.
  Time since last request: 45.661739 seconds.
  path: Assets/Prefabs/Arachnea Variant.prefab
  artifactKey: Guid(6dfeffe3965c03746b7024fc7e4e22fd) Importer(815301076,1909f56bfc062723c751e8b465ee728b)
Start importing Assets/Prefabs/Arachnea Variant.prefab using Guid(6dfeffe3965c03746b7024fc7e4e22fd) Importer(815301076,1909f56bfc062723c751e8b465ee728b)  -> (artifact id: '55ccaad34efed1c985a2841ace4358af') in 0.392378 seconds
  Import took 0.409081 seconds .

========================================================================
Received Import Request.
  Time since last request: 10.169365 seconds.
  path: Assets/Prefabs/Arachnea Player.prefab
  artifactKey: Guid(6dfeffe3965c03746b7024fc7e4e22fd) Importer(815301076,1909f56bfc062723c751e8b465ee728b)
Start importing Assets/Prefabs/Arachnea Player.prefab using Guid(6dfeffe3965c03746b7024fc7e4e22fd) Importer(815301076,1909f56bfc062723c751e8b465ee728b)  -> (artifact id: 'b3623b115d0a0641f74a7e8c1801299e') in 0.210800 seconds
  Import took 0.228656 seconds .

========================================================================
Received Prepare
Registering precompiled user dll's ...
Registered in 0.001002 seconds.
Begin MonoManager ReloadAssembly
Native extension for WindowsStandalone target not found
Refreshing native plugins compatible for Editor in 0.51 ms, found 0 plugins.
Preloading 0 native plugins for Editor in 0.00 ms.
Mono: successfully reloaded assembly
- Completed reload, in  1.393 seconds
Platform modules already initialized, skipping
Refreshing native plugins compatible for Editor in 0.52 ms, found 0 plugins.
Preloading 0 native plugins for Editor in 0.00 ms.
Unloading 1120 Unused Serialized files (Serialized files now loaded: 0)
System memory in use before: 89.3 MB.
System memory in use after: 89.4 MB.

Unloading 5 unused Assets to reduce memory usage. Loaded Objects now: 1681.
Total: 2.443500 ms (FindLiveObjects: 0.186100 ms CreateObjectMapping: 0.066100 ms MarkObjects: 2.091500 ms  DeleteObjects: 0.098100 ms)

========================================================================
Received Prepare
Registering precompiled user dll's ...
Registered in 0.001030 seconds.
Begin MonoManager ReloadAssembly
Native extension for WindowsStandalone target not found
Refreshing native plugins compatible for Editor in 0.52 ms, found 0 plugins.
Preloading 0 native plugins for Editor in 0.00 ms.
Mono: successfully reloaded assembly
- Completed reload, in  1.441 seconds
Platform modules already initialized, skipping
Refreshing native plugins compatible for Editor in 0.53 ms, found 0 plugins.
Preloading 0 native plugins for Editor in 0.00 ms.
Unloading 1120 Unused Serialized files (Serialized files now loaded: 0)
System memory in use before: 89.3 MB.
System memory in use after: 89.4 MB.

Unloading 5 unused Assets to reduce memory usage. Loaded Objects now: 1684.
Total: 3.939300 ms (FindLiveObjects: 0.216300 ms CreateObjectMapping: 0.068000 ms MarkObjects: 3.475500 ms  DeleteObjects: 0.176600 ms)

========================================================================
Received Import Request.
  Time since last request: 1793.198283 seconds.
  path: Assets/Japanese Coin
  artifactKey: Guid(0810ce375fbfa0040acaddcf53b8cace) Importer(815301076,1909f56bfc062723c751e8b465ee728b)
Start importing Assets/Japanese Coin using Guid(0810ce375fbfa0040acaddcf53b8cace) Importer(815301076,1909f56bfc062723c751e8b465ee728b)  -> (artifact id: 'cc6da3d0ee9ddaac4abc3531f1efab2b') in 0.007647 seconds
  Import took 0.019566 seconds .

========================================================================
Received Import Request.
  Time since last request: 0.116815 seconds.
  path: Assets/Japanese Coin/coin.obj
  artifactKey: Guid(69e570a331da80d4f9bb60a69b974919) Importer(815301076,1909f56bfc062723c751e8b465ee728b)
Start importing Assets/Japanese Coin/coin.obj using Guid(69e570a331da80d4f9bb60a69b974919) Importer(815301076,1909f56bfc062723c751e8b465ee728b)  -> (artifact id: '3c4d969ed96769f5effef00ba94fd695') in 0.137854 seconds
  Import took 0.144289 seconds .

========================================================================
Received Import Request.
  Time since last request: 0.000485 seconds.
  path: Assets/Japanese Coin/coin_pile.obj
  artifactKey: Guid(a895327a035c67e489e9eb41cfe402d9) Importer(815301076,1909f56bfc062723c751e8b465ee728b)
Start importing Assets/Japanese Coin/coin_pile.obj using Guid(a895327a035c67e489e9eb41cfe402d9) Importer(815301076,1909f56bfc062723c751e8b465ee728b)  -> (artifact id: '8c02ffd87b88a07dd48f857d21c997f6') in 0.022438 seconds
  Import took 0.025451 seconds .

========================================================================
Received Import Request.
  Time since last request: 19.652532 seconds.
  path: Assets/Japanese Coin/Materials
  artifactKey: Guid(e789c967a0f85e041b4295a2448dcdc3) Importer(815301076,1909f56bfc062723c751e8b465ee728b)
Start importing Assets/Japanese Coin/Materials using Guid(e789c967a0f85e041b4295a2448dcdc3) Importer(815301076,1909f56bfc062723c751e8b465ee728b)  -> (artifact id: 'a17b4112d69d4bfc9db45955c7cd90f5') in 0.002187 seconds
  Import took 0.005489 seconds .

========================================================================
Received Import Request.
  Time since last request: 0.099355 seconds.
  path: Assets/Japanese Coin/Materials/coins.mat
  artifactKey: Guid(b0fd845b3b348c44694de5f36b35d8da) Importer(815301076,1909f56bfc062723c751e8b465ee728b)
Start importing Assets/Japanese Coin/Materials/coins.mat using Guid(b0fd845b3b348c44694de5f36b35d8da) Importer(815301076,1909f56bfc062723c751e8b465ee728b)  -> (artifact id: '3d2863c27b942b6c4079de2303d2f035') in 0.041307 seconds
  Import took 0.045020 seconds .

========================================================================
Received Import Request.
  Time since last request: 0.000482 seconds.
  path: Assets/Japanese Coin/Materials/deerka_DefaultMaterial_MetallicSmoothness.jpg
  artifactKey: Guid(2b1fcb00db27a7d4e8956bccf765aab3) Importer(815301076,1909f56bfc062723c751e8b465ee728b)
Start importing Assets/Japanese Coin/Materials/deerka_DefaultMaterial_MetallicSmoothness.jpg using Guid(2b1fcb00db27a7d4e8956bccf765aab3) Importer(815301076,1909f56bfc062723c751e8b465ee728b)  -> (artifact id: 'fdf13aefdf9e25717b53af31fbc0d2ed') in 0.018376 seconds
  Import took 0.021426 seconds .

========================================================================
Received Import Request.
  Time since last request: 0.000274 seconds.
  path: Assets/Japanese Coin/Materials/DefaultMat.mat
  artifactKey: Guid(d11cdb069471d844f8deaaeab9cbc06b) Importer(815301076,1909f56bfc062723c751e8b465ee728b)
Start importing Assets/Japanese Coin/Materials/DefaultMat.mat using Guid(d11cdb069471d844f8deaaeab9cbc06b) Importer(815301076,1909f56bfc062723c751e8b465ee728b)  -> (artifact id: 'd45a9bbf3388e31122bfde3798b6007d') in 0.008990 seconds
  Import took 0.011870 seconds .

========================================================================
Received Import Request.
  Time since last request: 0.000273 seconds.
  path: Assets/Japanese Coin/Materials/deerka_DefaultMaterial_AlbedoTransparency.jpg
  artifactKey: Guid(6aea50be2a53a48468bf8ce709551080) Importer(815301076,1909f56bfc062723c751e8b465ee728b)
Start importing Assets/Japanese Coin/Materials/deerka_DefaultMaterial_AlbedoTransparency.jpg using Guid(6aea50be2a53a48468bf8ce709551080) Importer(815301076,1909f56bfc062723c751e8b465ee728b)  -> (artifact id: 'd8c822f524a84c8abd5985e602a9e5de') in 0.008413 seconds
  Import took 0.018890 seconds .

========================================================================
Received Import Request.
  Time since last request: 0.000262 seconds.
  path: Assets/Japanese Coin/Materials/deerka_DefaultMaterial_Normal.jpg
  artifactKey: Guid(09a79fe0883a05948bbf0b8db1a71600) Importer(815301076,1909f56bfc062723c751e8b465ee728b)
Start importing Assets/Japanese Coin/Materials/deerka_DefaultMaterial_Normal.jpg using Guid(09a79fe0883a05948bbf0b8db1a71600) Importer(815301076,1909f56bfc062723c751e8b465ee728b)  -> (artifact id: 'bde07bbc7fbad613f8b84bfe9b3dfde0') in 0.015597 seconds
  Import took 0.018540 seconds .

========================================================================
Received Import Request.
  Time since last request: 59.684078 seconds.
  path: Assets/Japanese Coin/Environment
  artifactKey: Guid(ea60efb6e2fca6d4db7653c3fae55274) Importer(815301076,1909f56bfc062723c751e8b465ee728b)
Start importing Assets/Japanese Coin/Environment using Guid(ea60efb6e2fca6d4db7653c3fae55274) Importer(815301076,1909f56bfc062723c751e8b465ee728b)  -> (artifact id: '4d53080a90edd3fe7d82c879dcfe20ac') in 0.002406 seconds
  Import took 0.005671 seconds .

========================================================================
Received Import Request.
  Time since last request: 0.083689 seconds.
  path: Assets/Japanese Coin/Environment/Environment.mat
  artifactKey: Guid(91ca56a048bf2f74cb0ed22b89b44311) Importer(815301076,1909f56bfc062723c751e8b465ee728b)
Start importing Assets/Japanese Coin/Environment/Environment.mat using Guid(91ca56a048bf2f74cb0ed22b89b44311) Importer(815301076,1909f56bfc062723c751e8b465ee728b)  -> (artifact id: '79450cd47bf933b81ea4ce1b932c31d3') in 0.099389 seconds
  Import took 0.121069 seconds .

========================================================================
Received Import Request.
  Time since last request: 0.000280 seconds.
  path: Assets/Japanese Coin/Environment/Sky_Cloudy_Free_Ref.hdr
  artifactKey: Guid(2332a102be4134f4493da6a81742efa6) Importer(815301076,1909f56bfc062723c751e8b465ee728b)
Start importing Assets/Japanese Coin/Environment/Sky_Cloudy_Free_Ref.hdr using Guid(2332a102be4134f4493da6a81742efa6) Importer(815301076,1909f56bfc062723c751e8b465ee728b)  -> (artifact id: 'ea772b3fb9e12512c80b5696572c66b1') in 0.375715 seconds
  Import took 0.424222 seconds .

========================================================================
Received Import Request.
  Time since last request: 0.000306 seconds.
  path: Assets/Japanese Coin/Environment/plane_mat.mat
  artifactKey: Guid(29a32b141fe076e4d8f54f4d43b149fd) Importer(815301076,1909f56bfc062723c751e8b465ee728b)
Start importing Assets/Japanese Coin/Environment/plane_mat.mat using Guid(29a32b141fe076e4d8f54f4d43b149fd) Importer(815301076,1909f56bfc062723c751e8b465ee728b)  -> (artifact id: '0295c3b0560a8a1863cdd0cabd4a1b40') in 0.009710 seconds
  Import took 0.013124 seconds .

AssetImportWorkerClient::OnTransportError - code=2 error=End of file
